<?xml version="1.0" encoding="UTF-8"?>
<!-- Generated by org.testng.reporters.JUnitReportReporter -->
<testsuite hostname="DESKTOP-GP1FU8A" failures="0" tests="1" name="com.mystore.testcases.TC_ProductPageTest" time="9.855" errors="0" timestamp="2023-08-07T18:00:50 IST" skipped="0">
  <testcase classname="com.mystore.testcases.TC_ProductPageTest" name="verifySearchResult" time="9.855"/>
  <system-out/>
</testsuite> <!-- com.mystore.testcases.TC_ProductPageTest -->
